-------------------------------------------------------------------------------
Test set: runner.TestRunner
-------------------------------------------------------------------------------
Tests run: 10, Failures: 1, Errors: 0, Skipped: 0, Time elapsed: 170.016 sec <<< FAILURE!
User searches for a valid product(Search functionality)  Time elapsed: 13.979 sec  <<< FAILURE!
java.lang.AssertionError
	at org.junit.Assert.fail(Assert.java:87)
	at org.junit.Assert.fail(Assert.java:96)
	at stepDefinitions.Search.user_should_get_valid_product_displayed_in_search_results(Search.java:51)
	at ?.User should get valid product displayed in search results(file:///C:/Users/nesrine/eclipse-workspace/cucumberProject/src/test/resources/features/Search.feature:8)

