<?xml version="1.0" encoding="UTF-8" ?>
<testsuite tests="10" failures="1" name="runner.TestRunner" time="163.073" errors="0" skipped="0">
  <properties>
[...]
</properties>
  <testcase classname="Login functionality" name="Login with valid credentials #1" time="19.575"/>
  <testcase classname="Login functionality" name="Login with valid credentials #2" time="19.02"/>
  <testcase classname="Login functionality" name="Login with valid credentials #3" time="16.428"/>
  <testcase classname="Login functionality" name="Login with invalid credentials" time="16.653"/>
  <testcase classname="Login functionality" name="Login with valid email and invalid password" time="17.339"/>
  <testcase classname="Login functionality" name="Login with invalid email and valid password" time="17.805"/>
  <testcase classname="Login functionality" name="Login without providing any credentials" time="17.025"/>
  <testcase classname="Search functionality" name="User searches for a valid product" time="13.979">
    <failure type="java.lang.AssertionError">java.lang.AssertionError
	at org.junit.Assert.fail(Assert.java:87)
	at org.junit.Assert.fail(Assert.java:96)
	at stepDefinitions.Search.user_should_get_valid_product_displayed_in_search_results(Search.java:51)
	at ✽.User should get valid product displayed in search results(file:///C:/Users/nesrine/eclipse-workspace/cucumberProject/src/test/resources/features/Search.feature:8)
</failure>
    <system-out>
Scenario: User searches for a valid product                      &amp;#27;[90m# src/test/resources/features/Search.feature:4&amp;#27;[0m
  &amp;#27;[32mGiven &amp;#27;[0m&amp;#27;[32mUser opens the application&amp;#27;[0m                               &amp;#27;[90m# stepDefinitions.Search.user_opens_the_application()&amp;#27;[0m
  &amp;#27;[32mWhen &amp;#27;[0m&amp;#27;[32mUser enters valid product &amp;#27;[0m&amp;#27;[32m&amp;#27;[1m&quot;HP&quot;&amp;#27;[0m&amp;#27;[32m into Search box field&amp;#27;[0m      &amp;#27;[90m# stepDefinitions.Search.user_enters_valid_product_into_search_box_field(java.lang.String)&amp;#27;[0m
  &amp;#27;[32mAnd &amp;#27;[0m&amp;#27;[32mUser clicks on Search button&amp;#27;[0m                               &amp;#27;[90m# stepDefinitions.Search.user_clicks_on_search_button()&amp;#27;[0m
  &amp;#27;[31mThen &amp;#27;[0m&amp;#27;[31mUser should get valid product displayed in search results&amp;#27;[0m &amp;#27;[90m# stepDefinitions.Search.user_should_get_valid_product_displayed_in_search_results()&amp;#27;[0m
      &amp;#27;[31mjava.lang.AssertionError
	at org.junit.Assert.fail(Assert.java:87)
	at org.junit.Assert.fail(Assert.java:96)
	at stepDefinitions.Search.user_should_get_valid_product_displayed_in_search_results(Search.java:51)
	at âœ½.User should get valid product displayed in search results(file:///C:/Users/nesrine/eclipse-workspace/cucumberProject/src/test/resources/features/Search.feature:8)
&amp;#27;[0m

    Embedding User searches for a valid product [image2/png 49811 bytes]

</system-out>
    <system-err>nov. 27, 2024 4:20:38 PM org.openqa.selenium.devtools.CdpVersionFinder findNearestMatch
WARNING: Unable to find CDP implementation matching 131
nov. 27, 2024 4:20:38 PM org.openqa.selenium.chromium.ChromiumDriver lambda$new$5
WARNING: Unable to find version of CDP to use for 131.0.6778.86. You may need to include a dependency on a specific version of the CDP using something similar to `org.seleniumhq.selenium:selenium-devtools-v86:4.17.0` where the version (&quot;v86&quot;) matches the version of the chromium-based browser you&apos;re using and the version number of the artifact is the same as Selenium&apos;s.
</system-err>
  </testcase>
  <testcase classname="Search functionality" name="User searches for an invalid product" time="11.83"/>
  <testcase classname="Search functionality" name="User searches without any product" time="13.419"/>
</testsuite>